{"/app/controllers/authController.js": {"path":"/app/controllers/authController.js","statementMap":{"0":{"start":{"line":1,"column":17},"end":{"line":1,"column":37}},"1":{"start":{"line":2,"column":25},"end":{"line":2,"column":52}},"2":{"start":{"line":4,"column":17},"end":{"line":32,"column":1}},"3":{"start":{"line":5,"column":2},"end":{"line":31,"column":3}},"4":{"start":{"line":6,"column":40},"end":{"line":6,"column":48}},"5":{"start":{"line":8,"column":4},"end":{"line":10,"column":5}},"6":{"start":{"line":9,"column":6},"end":{"line":9,"column":88}},"7":{"start":{"line":12,"column":22},"end":{"line":12,"column":62}},"8":{"start":{"line":13,"column":4},"end":{"line":15,"column":5}},"9":{"start":{"line":14,"column":6},"end":{"line":14,"column":76}},"10":{"start":{"line":17,"column":17},"end":{"line":17,"column":63}},"11":{"start":{"line":18,"column":18},"end":{"line":18,"column":36}},"12":{"start":{"line":20,"column":4},"end":{"line":24,"column":7}},"13":{"start":{"line":26,"column":4},"end":{"line":28,"column":5}},"14":{"start":{"line":27,"column":6},"end":{"line":27,"column":92}},"15":{"start":{"line":27,"column":67},"end":{"line":27,"column":76}},"16":{"start":{"line":29,"column":4},"end":{"line":29,"column":47}},"17":{"start":{"line":30,"column":4},"end":{"line":30,"column":66}},"18":{"start":{"line":34,"column":14},"end":{"line":65,"column":1}},"19":{"start":{"line":35,"column":2},"end":{"line":64,"column":3}},"20":{"start":{"line":36,"column":32},"end":{"line":36,"column":40}},"21":{"start":{"line":38,"column":4},"end":{"line":40,"column":5}},"22":{"start":{"line":39,"column":6},"end":{"line":39,"column":80}},"23":{"start":{"line":42,"column":17},"end":{"line":42,"column":57}},"24":{"start":{"line":44,"column":4},"end":{"line":46,"column":5}},"25":{"start":{"line":45,"column":6},"end":{"line":45,"column":71}},"26":{"start":{"line":48,"column":27},"end":{"line":48,"column":63}},"27":{"start":{"line":50,"column":4},"end":{"line":52,"column":5}},"28":{"start":{"line":51,"column":6},"end":{"line":51,"column":71}},"29":{"start":{"line":54,"column":18},"end":{"line":54,"column":36}},"30":{"start":{"line":56,"column":4},"end":{"line":60,"column":7}},"31":{"start":{"line":62,"column":4},"end":{"line":62,"column":44}},"32":{"start":{"line":63,"column":4},"end":{"line":63,"column":63}},"33":{"start":{"line":71,"column":11},"end":{"line":73,"column":1}},"34":{"start":{"line":72,"column":2},"end":{"line":72,"column":31}},"35":{"start":{"line":75,"column":0},"end":{"line":75,"column":41}}},"fnMap":{"0":{"name":"(anonymous_0)","decl":{"start":{"line":4,"column":17},"end":{"line":4,"column":18}},"loc":{"start":{"line":4,"column":37},"end":{"line":32,"column":1}},"line":4},"1":{"name":"(anonymous_1)","decl":{"start":{"line":27,"column":60},"end":{"line":27,"column":61}},"loc":{"start":{"line":27,"column":67},"end":{"line":27,"column":76}},"line":27},"2":{"name":"(anonymous_2)","decl":{"start":{"line":34,"column":14},"end":{"line":34,"column":15}},"loc":{"start":{"line":34,"column":34},"end":{"line":65,"column":1}},"line":34},"3":{"name":"(anonymous_3)","decl":{"start":{"line":71,"column":11},"end":{"line":71,"column":12}},"loc":{"start":{"line":71,"column":31},"end":{"line":73,"column":1}},"line":71}},"branchMap":{"0":{"loc":{"start":{"line":8,"column":4},"end":{"line":10,"column":5}},"type":"if","locations":[{"start":{"line":8,"column":4},"end":{"line":10,"column":5}},{"start":{},"end":{}}],"line":8},"1":{"loc":{"start":{"line":8,"column":8},"end":{"line":8,"column":38}},"type":"binary-expr","locations":[{"start":{"line":8,"column":8},"end":{"line":8,"column":15}},{"start":{"line":8,"column":19},"end":{"line":8,"column":25}},{"start":{"line":8,"column":29},"end":{"line":8,"column":38}}],"line":8},"2":{"loc":{"start":{"line":13,"column":4},"end":{"line":15,"column":5}},"type":"if","locations":[{"start":{"line":13,"column":4},"end":{"line":15,"column":5}},{"start":{},"end":{}}],"line":13},"3":{"loc":{"start":{"line":26,"column":4},"end":{"line":28,"column":5}},"type":"if","locations":[{"start":{"line":26,"column":4},"end":{"line":28,"column":5}},{"start":{},"end":{}}],"line":26},"4":{"loc":{"start":{"line":38,"column":4},"end":{"line":40,"column":5}},"type":"if","locations":[{"start":{"line":38,"column":4},"end":{"line":40,"column":5}},{"start":{},"end":{}}],"line":38},"5":{"loc":{"start":{"line":38,"column":8},"end":{"line":38,"column":27}},"type":"binary-expr","locations":[{"start":{"line":38,"column":8},"end":{"line":38,"column":14}},{"start":{"line":38,"column":18},"end":{"line":38,"column":27}}],"line":38},"6":{"loc":{"start":{"line":44,"column":4},"end":{"line":46,"column":5}},"type":"if","locations":[{"start":{"line":44,"column":4},"end":{"line":46,"column":5}},{"start":{},"end":{}}],"line":44},"7":{"loc":{"start":{"line":50,"column":4},"end":{"line":52,"column":5}},"type":"if","locations":[{"start":{"line":50,"column":4},"end":{"line":52,"column":5}},{"start":{},"end":{}}],"line":50}},"s":{"0":3,"1":3,"2":3,"3":7,"4":7,"5":7,"6":1,"7":6,"8":6,"9":1,"10":5,"11":4,"12":4,"13":1,"14":1,"15":1,"16":0,"17":0,"18":3,"19":5,"20":5,"21":5,"22":1,"23":4,"24":4,"25":1,"26":3,"27":3,"28":1,"29":2,"30":2,"31":0,"32":0,"33":3,"34":2,"35":3},"f":{"0":7,"1":1,"2":5,"3":2},"b":{"0":[1,6],"1":[7,6,6],"2":[1,5],"3":[1,0],"4":[1,4],"5":[5,5],"6":[1,3],"7":[1,2]},"_coverageSchema":"1a1c01bbd47fc00a2c39e90264f33305004495a9","hash":"32002faa39296a88047f12bd6c2871d78cd4d0ee"}
,"/app/controllers/categoryController.js": {"path":"/app/controllers/categoryController.js","statementMap":{"0":{"start":{"line":1,"column":21},"end":{"line":1,"column":41}},"1":{"start":{"line":3,"column":15},"end":{"line":11,"column":1}},"2":{"start":{"line":4,"column":2},"end":{"line":10,"column":3}},"3":{"start":{"line":5,"column":23},"end":{"line":5,"column":94}},"4":{"start":{"line":6,"column":4},"end":{"line":6,"column":29}},"5":{"start":{"line":8,"column":4},"end":{"line":8,"column":57}},"6":{"start":{"line":9,"column":4},"end":{"line":9,"column":67}},"7":{"start":{"line":13,"column":14},"end":{"line":30,"column":1}},"8":{"start":{"line":14,"column":2},"end":{"line":29,"column":3}},"9":{"start":{"line":15,"column":36},"end":{"line":15,"column":44}},"10":{"start":{"line":17,"column":4},"end":{"line":19,"column":5}},"11":{"start":{"line":18,"column":6},"end":{"line":18,"column":77}},"12":{"start":{"line":21,"column":21},"end":{"line":21,"column":67}},"13":{"start":{"line":22,"column":4},"end":{"line":22,"column":81}},"14":{"start":{"line":24,"column":4},"end":{"line":26,"column":5}},"15":{"start":{"line":25,"column":6},"end":{"line":25,"column":92}},"16":{"start":{"line":25,"column":67},"end":{"line":25,"column":76}},"17":{"start":{"line":27,"column":4},"end":{"line":27,"column":54}},"18":{"start":{"line":28,"column":4},"end":{"line":28,"column":64}},"19":{"start":{"line":32,"column":19},"end":{"line":51,"column":1}},"20":{"start":{"line":33,"column":2},"end":{"line":50,"column":3}},"21":{"start":{"line":34,"column":19},"end":{"line":34,"column":29}},"22":{"start":{"line":35,"column":36},"end":{"line":35,"column":44}},"23":{"start":{"line":37,"column":21},"end":{"line":37,"column":48}},"24":{"start":{"line":38,"column":4},"end":{"line":40,"column":5}},"25":{"start":{"line":39,"column":6},"end":{"line":39,"column":72}},"26":{"start":{"line":42,"column":4},"end":{"line":42,"column":51}},"27":{"start":{"line":43,"column":4},"end":{"line":43,"column":74}},"28":{"start":{"line":45,"column":4},"end":{"line":47,"column":5}},"29":{"start":{"line":46,"column":6},"end":{"line":46,"column":92}},"30":{"start":{"line":46,"column":67},"end":{"line":46,"column":76}},"31":{"start":{"line":48,"column":4},"end":{"line":48,"column":59}},"32":{"start":{"line":49,"column":4},"end":{"line":49,"column":69}},"33":{"start":{"line":53,"column":17},"end":{"line":68,"column":1}},"34":{"start":{"line":54,"column":2},"end":{"line":67,"column":3}},"35":{"start":{"line":55,"column":19},"end":{"line":55,"column":29}},"36":{"start":{"line":57,"column":21},"end":{"line":57,"column":48}},"37":{"start":{"line":58,"column":4},"end":{"line":60,"column":5}},"38":{"start":{"line":59,"column":6},"end":{"line":59,"column":72}},"39":{"start":{"line":62,"column":4},"end":{"line":62,"column":29}},"40":{"start":{"line":63,"column":4},"end":{"line":63,"column":62}},"41":{"start":{"line":65,"column":4},"end":{"line":65,"column":57}},"42":{"start":{"line":66,"column":4},"end":{"line":66,"column":67}},"43":{"start":{"line":70,"column":0},"end":{"line":70,"column":57}}},"fnMap":{"0":{"name":"(anonymous_0)","decl":{"start":{"line":3,"column":15},"end":{"line":3,"column":16}},"loc":{"start":{"line":3,"column":35},"end":{"line":11,"column":1}},"line":3},"1":{"name":"(anonymous_1)","decl":{"start":{"line":13,"column":14},"end":{"line":13,"column":15}},"loc":{"start":{"line":13,"column":34},"end":{"line":30,"column":1}},"line":13},"2":{"name":"(anonymous_2)","decl":{"start":{"line":25,"column":60},"end":{"line":25,"column":61}},"loc":{"start":{"line":25,"column":67},"end":{"line":25,"column":76}},"line":25},"3":{"name":"(anonymous_3)","decl":{"start":{"line":32,"column":19},"end":{"line":32,"column":20}},"loc":{"start":{"line":32,"column":39},"end":{"line":51,"column":1}},"line":32},"4":{"name":"(anonymous_4)","decl":{"start":{"line":46,"column":60},"end":{"line":46,"column":61}},"loc":{"start":{"line":46,"column":67},"end":{"line":46,"column":76}},"line":46},"5":{"name":"(anonymous_5)","decl":{"start":{"line":53,"column":17},"end":{"line":53,"column":18}},"loc":{"start":{"line":53,"column":37},"end":{"line":68,"column":1}},"line":53}},"branchMap":{"0":{"loc":{"start":{"line":17,"column":4},"end":{"line":19,"column":5}},"type":"if","locations":[{"start":{"line":17,"column":4},"end":{"line":19,"column":5}},{"start":{},"end":{}}],"line":17},"1":{"loc":{"start":{"line":17,"column":8},"end":{"line":17,"column":24}},"type":"binary-expr","locations":[{"start":{"line":17,"column":8},"end":{"line":17,"column":15}},{"start":{"line":17,"column":19},"end":{"line":17,"column":24}}],"line":17},"2":{"loc":{"start":{"line":24,"column":4},"end":{"line":26,"column":5}},"type":"if","locations":[{"start":{"line":24,"column":4},"end":{"line":26,"column":5}},{"start":{},"end":{}}],"line":24},"3":{"loc":{"start":{"line":38,"column":4},"end":{"line":40,"column":5}},"type":"if","locations":[{"start":{"line":38,"column":4},"end":{"line":40,"column":5}},{"start":{},"end":{}}],"line":38},"4":{"loc":{"start":{"line":45,"column":4},"end":{"line":47,"column":5}},"type":"if","locations":[{"start":{"line":45,"column":4},"end":{"line":47,"column":5}},{"start":{},"end":{}}],"line":45},"5":{"loc":{"start":{"line":58,"column":4},"end":{"line":60,"column":5}},"type":"if","locations":[{"start":{"line":58,"column":4},"end":{"line":60,"column":5}},{"start":{},"end":{}}],"line":58}},"s":{"0":3,"1":3,"2":1,"3":1,"4":1,"5":0,"6":0,"7":3,"8":4,"9":4,"10":4,"11":1,"12":3,"13":3,"14":0,"15":0,"16":0,"17":0,"18":0,"19":3,"20":2,"21":2,"22":2,"23":2,"24":2,"25":1,"26":1,"27":1,"28":0,"29":0,"30":0,"31":0,"32":0,"33":3,"34":2,"35":2,"36":2,"37":2,"38":1,"39":1,"40":1,"41":0,"42":0,"43":3},"f":{"0":1,"1":4,"2":0,"3":2,"4":0,"5":2},"b":{"0":[1,3],"1":[4,3],"2":[0,0],"3":[1,1],"4":[0,0],"5":[1,1]},"_coverageSchema":"1a1c01bbd47fc00a2c39e90264f33305004495a9","hash":"12c69f1e6697b83526fd24bfac5a1edd012415e6"}
,"/app/controllers/transactionController.js": {"path":"/app/controllers/transactionController.js","statementMap":{"0":{"start":{"line":1,"column":34},"end":{"line":1,"column":54}},"1":{"start":{"line":2,"column":15},"end":{"line":2,"column":35}},"2":{"start":{"line":3,"column":35},"end":{"line":3,"column":63}},"3":{"start":{"line":5,"column":27},"end":{"line":10,"column":1}},"4":{"start":{"line":12,"column":14},"end":{"line":44,"column":1}},"5":{"start":{"line":13,"column":18},"end":{"line":13,"column":39}},"6":{"start":{"line":14,"column":2},"end":{"line":16,"column":3}},"7":{"start":{"line":15,"column":4},"end":{"line":15,"column":62}},"8":{"start":{"line":18,"column":2},"end":{"line":43,"column":3}},"9":{"start":{"line":19,"column":60},"end":{"line":19,"column":68}},"10":{"start":{"line":21,"column":22},"end":{"line":21,"column":57}},"11":{"start":{"line":22,"column":4},"end":{"line":24,"column":5}},"12":{"start":{"line":23,"column":6},"end":{"line":23,"column":72}},"13":{"start":{"line":26,"column":24},"end":{"line":33,"column":6}},"14":{"start":{"line":35,"column":22},"end":{"line":37,"column":6}},"15":{"start":{"line":39,"column":4},"end":{"line":39,"column":97}},"16":{"start":{"line":41,"column":4},"end":{"line":41,"column":44}},"17":{"start":{"line":42,"column":4},"end":{"line":42,"column":66}},"18":{"start":{"line":46,"column":15},"end":{"line":71,"column":1}},"19":{"start":{"line":47,"column":2},"end":{"line":70,"column":3}},"20":{"start":{"line":48,"column":57},"end":{"line":48,"column":66}},"21":{"start":{"line":50,"column":18},"end":{"line":50,"column":41}},"22":{"start":{"line":52,"column":4},"end":{"line":52,"column":32}},"23":{"start":{"line":52,"column":14},"end":{"line":52,"column":32}},"24":{"start":{"line":53,"column":4},"end":{"line":53,"column":50}},"25":{"start":{"line":53,"column":20},"end":{"line":53,"column":50}},"26":{"start":{"line":54,"column":4},"end":{"line":58,"column":5}},"27":{"start":{"line":55,"column":6},"end":{"line":55,"column":23}},"28":{"start":{"line":56,"column":6},"end":{"line":56,"column":55}},"29":{"start":{"line":56,"column":22},"end":{"line":56,"column":55}},"30":{"start":{"line":57,"column":6},"end":{"line":57,"column":55}},"31":{"start":{"line":57,"column":22},"end":{"line":57,"column":55}},"32":{"start":{"line":60,"column":25},"end":{"line":64,"column":6}},"33":{"start":{"line":66,"column":4},"end":{"line":66,"column":31}},"34":{"start":{"line":68,"column":4},"end":{"line":68,"column":45}},"35":{"start":{"line":69,"column":4},"end":{"line":69,"column":70}},"36":{"start":{"line":73,"column":16},"end":{"line":94,"column":1}},"37":{"start":{"line":74,"column":2},"end":{"line":93,"column":3}},"38":{"start":{"line":75,"column":25},"end":{"line":75,"column":86}},"39":{"start":{"line":77,"column":21},"end":{"line":79,"column":55}},"40":{"start":{"line":78,"column":19},"end":{"line":78,"column":39}},"41":{"start":{"line":79,"column":26},"end":{"line":79,"column":51}},"42":{"start":{"line":81,"column":19},"end":{"line":83,"column":55}},"43":{"start":{"line":82,"column":19},"end":{"line":82,"column":37}},"44":{"start":{"line":83,"column":26},"end":{"line":83,"column":51}},"45":{"start":{"line":85,"column":4},"end":{"line":89,"column":7}},"46":{"start":{"line":91,"column":4},"end":{"line":91,"column":46}},"47":{"start":{"line":92,"column":4},"end":{"line":92,"column":65}},"48":{"start":{"line":96,"column":19},"end":{"line":128,"column":1}},"49":{"start":{"line":97,"column":2},"end":{"line":127,"column":3}},"50":{"start":{"line":98,"column":19},"end":{"line":98,"column":29}},"51":{"start":{"line":99,"column":60},"end":{"line":99,"column":68}},"52":{"start":{"line":101,"column":24},"end":{"line":101,"column":54}},"53":{"start":{"line":102,"column":4},"end":{"line":104,"column":5}},"54":{"start":{"line":103,"column":6},"end":{"line":103,"column":74}},"55":{"start":{"line":106,"column":4},"end":{"line":108,"column":5}},"56":{"start":{"line":107,"column":6},"end":{"line":107,"column":97}},"57":{"start":{"line":110,"column":4},"end":{"line":115,"column":5}},"58":{"start":{"line":111,"column":24},"end":{"line":111,"column":59}},"59":{"start":{"line":112,"column":6},"end":{"line":114,"column":7}},"60":{"start":{"line":113,"column":8},"end":{"line":113,"column":74}},"61":{"start":{"line":117,"column":4},"end":{"line":117,"column":78}},"62":{"start":{"line":119,"column":22},"end":{"line":121,"column":6}},"63":{"start":{"line":123,"column":4},"end":{"line":123,"column":90}},"64":{"start":{"line":125,"column":4},"end":{"line":125,"column":49}},"65":{"start":{"line":126,"column":4},"end":{"line":126,"column":71}},"66":{"start":{"line":130,"column":17},"end":{"line":149,"column":1}},"67":{"start":{"line":131,"column":2},"end":{"line":148,"column":3}},"68":{"start":{"line":132,"column":19},"end":{"line":132,"column":29}},"69":{"start":{"line":134,"column":24},"end":{"line":134,"column":54}},"70":{"start":{"line":135,"column":4},"end":{"line":137,"column":5}},"71":{"start":{"line":136,"column":6},"end":{"line":136,"column":74}},"72":{"start":{"line":139,"column":4},"end":{"line":141,"column":5}},"73":{"start":{"line":140,"column":6},"end":{"line":140,"column":96}},"74":{"start":{"line":143,"column":4},"end":{"line":143,"column":32}},"75":{"start":{"line":144,"column":4},"end":{"line":144,"column":64}},"76":{"start":{"line":146,"column":4},"end":{"line":146,"column":47}},"77":{"start":{"line":147,"column":4},"end":{"line":147,"column":69}},"78":{"start":{"line":151,"column":0},"end":{"line":151,"column":86}}},"fnMap":{"0":{"name":"(anonymous_0)","decl":{"start":{"line":12,"column":14},"end":{"line":12,"column":15}},"loc":{"start":{"line":12,"column":34},"end":{"line":44,"column":1}},"line":12},"1":{"name":"(anonymous_1)","decl":{"start":{"line":46,"column":15},"end":{"line":46,"column":16}},"loc":{"start":{"line":46,"column":35},"end":{"line":71,"column":1}},"line":46},"2":{"name":"(anonymous_2)","decl":{"start":{"line":73,"column":16},"end":{"line":73,"column":17}},"loc":{"start":{"line":73,"column":36},"end":{"line":94,"column":1}},"line":73},"3":{"name":"(anonymous_3)","decl":{"start":{"line":78,"column":14},"end":{"line":78,"column":15}},"loc":{"start":{"line":78,"column":19},"end":{"line":78,"column":39}},"line":78},"4":{"name":"(anonymous_4)","decl":{"start":{"line":79,"column":14},"end":{"line":79,"column":15}},"loc":{"start":{"line":79,"column":26},"end":{"line":79,"column":51}},"line":79},"5":{"name":"(anonymous_5)","decl":{"start":{"line":82,"column":14},"end":{"line":82,"column":15}},"loc":{"start":{"line":82,"column":19},"end":{"line":82,"column":37}},"line":82},"6":{"name":"(anonymous_6)","decl":{"start":{"line":83,"column":14},"end":{"line":83,"column":15}},"loc":{"start":{"line":83,"column":26},"end":{"line":83,"column":51}},"line":83},"7":{"name":"(anonymous_7)","decl":{"start":{"line":96,"column":19},"end":{"line":96,"column":20}},"loc":{"start":{"line":96,"column":39},"end":{"line":128,"column":1}},"line":96},"8":{"name":"(anonymous_8)","decl":{"start":{"line":130,"column":17},"end":{"line":130,"column":18}},"loc":{"start":{"line":130,"column":37},"end":{"line":149,"column":1}},"line":130}},"branchMap":{"0":{"loc":{"start":{"line":14,"column":2},"end":{"line":16,"column":3}},"type":"if","locations":[{"start":{"line":14,"column":2},"end":{"line":16,"column":3}},{"start":{},"end":{}}],"line":14},"1":{"loc":{"start":{"line":22,"column":4},"end":{"line":24,"column":5}},"type":"if","locations":[{"start":{"line":22,"column":4},"end":{"line":24,"column":5}},{"start":{},"end":{}}],"line":22},"2":{"loc":{"start":{"line":52,"column":4},"end":{"line":52,"column":32}},"type":"if","locations":[{"start":{"line":52,"column":4},"end":{"line":52,"column":32}},{"start":{},"end":{}}],"line":52},"3":{"loc":{"start":{"line":53,"column":4},"end":{"line":53,"column":50}},"type":"if","locations":[{"start":{"line":53,"column":4},"end":{"line":53,"column":50}},{"start":{},"end":{}}],"line":53},"4":{"loc":{"start":{"line":54,"column":4},"end":{"line":58,"column":5}},"type":"if","locations":[{"start":{"line":54,"column":4},"end":{"line":58,"column":5}},{"start":{},"end":{}}],"line":54},"5":{"loc":{"start":{"line":54,"column":8},"end":{"line":54,"column":32}},"type":"binary-expr","locations":[{"start":{"line":54,"column":8},"end":{"line":54,"column":18}},{"start":{"line":54,"column":22},"end":{"line":54,"column":32}}],"line":54},"6":{"loc":{"start":{"line":56,"column":6},"end":{"line":56,"column":55}},"type":"if","locations":[{"start":{"line":56,"column":6},"end":{"line":56,"column":55}},{"start":{},"end":{}}],"line":56},"7":{"loc":{"start":{"line":57,"column":6},"end":{"line":57,"column":55}},"type":"if","locations":[{"start":{"line":57,"column":6},"end":{"line":57,"column":55}},{"start":{},"end":{}}],"line":57},"8":{"loc":{"start":{"line":102,"column":4},"end":{"line":104,"column":5}},"type":"if","locations":[{"start":{"line":102,"column":4},"end":{"line":104,"column":5}},{"start":{},"end":{}}],"line":102},"9":{"loc":{"start":{"line":106,"column":4},"end":{"line":108,"column":5}},"type":"if","locations":[{"start":{"line":106,"column":4},"end":{"line":108,"column":5}},{"start":{},"end":{}}],"line":106},"10":{"loc":{"start":{"line":110,"column":4},"end":{"line":115,"column":5}},"type":"if","locations":[{"start":{"line":110,"column":4},"end":{"line":115,"column":5}},{"start":{},"end":{}}],"line":110},"11":{"loc":{"start":{"line":112,"column":6},"end":{"line":114,"column":7}},"type":"if","locations":[{"start":{"line":112,"column":6},"end":{"line":114,"column":7}},{"start":{},"end":{}}],"line":112},"12":{"loc":{"start":{"line":135,"column":4},"end":{"line":137,"column":5}},"type":"if","locations":[{"start":{"line":135,"column":4},"end":{"line":137,"column":5}},{"start":{},"end":{}}],"line":135},"13":{"loc":{"start":{"line":139,"column":4},"end":{"line":141,"column":5}},"type":"if","locations":[{"start":{"line":139,"column":4},"end":{"line":141,"column":5}},{"start":{},"end":{}}],"line":139}},"s":{"0":3,"1":3,"2":3,"3":3,"4":3,"5":6,"6":6,"7":1,"8":5,"9":5,"10":5,"11":5,"12":1,"13":4,"14":4,"15":4,"16":0,"17":0,"18":3,"19":2,"20":2,"21":2,"22":2,"23":0,"24":2,"25":0,"26":2,"27":0,"28":0,"29":0,"30":0,"31":0,"32":2,"33":2,"34":0,"35":0,"36":3,"37":1,"38":1,"39":1,"40":1,"41":0,"42":1,"43":1,"44":1,"45":1,"46":0,"47":0,"48":3,"49":3,"50":3,"51":3,"52":3,"53":3,"54":1,"55":2,"56":1,"57":1,"58":1,"59":1,"60":0,"61":1,"62":1,"63":1,"64":0,"65":0,"66":3,"67":2,"68":2,"69":2,"70":2,"71":0,"72":2,"73":1,"74":1,"75":1,"76":0,"77":0,"78":3},"f":{"0":6,"1":2,"2":1,"3":1,"4":0,"5":1,"6":1,"7":3,"8":2},"b":{"0":[1,5],"1":[1,4],"2":[0,2],"3":[0,2],"4":[0,2],"5":[2,2],"6":[0,0],"7":[0,0],"8":[1,2],"9":[1,1],"10":[1,0],"11":[0,1],"12":[0,2],"13":[1,1]},"_coverageSchema":"1a1c01bbd47fc00a2c39e90264f33305004495a9","hash":"41f60ba658f4f7ab3657c833fe8dcf7027b4376c"}
,"/app/middleware/auth.js": {"path":"/app/middleware/auth.js","statementMap":{"0":{"start":{"line":1,"column":12},"end":{"line":1,"column":35}},"1":{"start":{"line":2,"column":17},"end":{"line":2,"column":37}},"2":{"start":{"line":12,"column":23},"end":{"line":48,"column":1}},"3":{"start":{"line":13,"column":2},"end":{"line":47,"column":3}},"4":{"start":{"line":14,"column":23},"end":{"line":14,"column":48}},"5":{"start":{"line":16,"column":4},"end":{"line":18,"column":5}},"6":{"start":{"line":17,"column":6},"end":{"line":17,"column":92}},"7":{"start":{"line":20,"column":18},"end":{"line":20,"column":42}},"8":{"start":{"line":22,"column":4},"end":{"line":24,"column":5}},"9":{"start":{"line":23,"column":6},"end":{"line":23,"column":92}},"10":{"start":{"line":27,"column":4},"end":{"line":34,"column":5}},"11":{"start":{"line":28,"column":6},"end":{"line":28,"column":58}},"12":{"start":{"line":30,"column":6},"end":{"line":32,"column":7}},"13":{"start":{"line":31,"column":8},"end":{"line":31,"column":71}},"14":{"start":{"line":33,"column":6},"end":{"line":33,"column":63}},"15":{"start":{"line":36,"column":17},"end":{"line":36,"column":48}},"16":{"start":{"line":38,"column":4},"end":{"line":40,"column":5}},"17":{"start":{"line":39,"column":6},"end":{"line":39,"column":82}},"18":{"start":{"line":42,"column":4},"end":{"line":42,"column":20}},"19":{"start":{"line":43,"column":4},"end":{"line":43,"column":11}},"20":{"start":{"line":45,"column":4},"end":{"line":45,"column":53}},"21":{"start":{"line":46,"column":4},"end":{"line":46,"column":75}},"22":{"start":{"line":50,"column":0},"end":{"line":50,"column":36}}},"fnMap":{"0":{"name":"(anonymous_0)","decl":{"start":{"line":12,"column":23},"end":{"line":12,"column":24}},"loc":{"start":{"line":12,"column":49},"end":{"line":48,"column":1}},"line":12}},"branchMap":{"0":{"loc":{"start":{"line":16,"column":4},"end":{"line":18,"column":5}},"type":"if","locations":[{"start":{"line":16,"column":4},"end":{"line":18,"column":5}},{"start":{},"end":{}}],"line":16},"1":{"loc":{"start":{"line":16,"column":8},"end":{"line":16,"column":56}},"type":"binary-expr","locations":[{"start":{"line":16,"column":8},"end":{"line":16,"column":19}},{"start":{"line":16,"column":23},"end":{"line":16,"column":56}}],"line":16},"2":{"loc":{"start":{"line":22,"column":4},"end":{"line":24,"column":5}},"type":"if","locations":[{"start":{"line":22,"column":4},"end":{"line":24,"column":5}},{"start":{},"end":{}}],"line":22},"3":{"loc":{"start":{"line":30,"column":6},"end":{"line":32,"column":7}},"type":"if","locations":[{"start":{"line":30,"column":6},"end":{"line":32,"column":7}},{"start":{},"end":{}}],"line":30},"4":{"loc":{"start":{"line":38,"column":4},"end":{"line":40,"column":5}},"type":"if","locations":[{"start":{"line":38,"column":4},"end":{"line":40,"column":5}},{"start":{},"end":{}}],"line":38}},"s":{"0":3,"1":3,"2":3,"3":30,"4":30,"5":30,"6":5,"7":25,"8":25,"9":0,"10":25,"11":25,"12":1,"13":0,"14":1,"15":24,"16":24,"17":0,"18":24,"19":24,"20":0,"21":0,"22":3},"f":{"0":30},"b":{"0":[5,25],"1":[30,26],"2":[0,25],"3":[0,1],"4":[0,24]},"_coverageSchema":"1a1c01bbd47fc00a2c39e90264f33305004495a9","hash":"439b08f00eff9f801ccc050f9a41659e0da9ff62"}
,"/app/routes/auth.js": {"path":"/app/routes/auth.js","statementMap":{"0":{"start":{"line":1,"column":16},"end":{"line":1,"column":34}},"1":{"start":{"line":2,"column":15},"end":{"line":2,"column":31}},"2":{"start":{"line":3,"column":32},"end":{"line":3,"column":72}},"3":{"start":{"line":4,"column":27},"end":{"line":4,"column":56}},"4":{"start":{"line":6,"column":0},"end":{"line":6,"column":35}},"5":{"start":{"line":7,"column":0},"end":{"line":7,"column":29}},"6":{"start":{"line":10,"column":0},"end":{"line":10,"column":38}},"7":{"start":{"line":12,"column":0},"end":{"line":12,"column":24}}},"fnMap":{},"branchMap":{},"s":{"0":3,"1":3,"2":3,"3":3,"4":3,"5":3,"6":3,"7":3},"f":{},"b":{},"_coverageSchema":"1a1c01bbd47fc00a2c39e90264f33305004495a9","hash":"d9af7954c163828fb1880b2295f067a3a8a30814"}
,"/app/routes/categories.js": {"path":"/app/routes/categories.js","statementMap":{"0":{"start":{"line":1,"column":16},"end":{"line":1,"column":34}},"1":{"start":{"line":2,"column":15},"end":{"line":2,"column":31}},"2":{"start":{"line":3,"column":48},"end":{"line":3,"column":92}},"3":{"start":{"line":4,"column":27},"end":{"line":4,"column":56}},"4":{"start":{"line":8,"column":0},"end":{"line":8,"column":24}},"5":{"start":{"line":11,"column":0},"end":{"line":11,"column":40}},"6":{"start":{"line":12,"column":0},"end":{"line":12,"column":47}},"7":{"start":{"line":13,"column":0},"end":{"line":13,"column":48}},"8":{"start":{"line":15,"column":0},"end":{"line":15,"column":24}}},"fnMap":{},"branchMap":{},"s":{"0":3,"1":3,"2":3,"3":3,"4":3,"5":3,"6":3,"7":3,"8":3},"f":{},"b":{},"_coverageSchema":"1a1c01bbd47fc00a2c39e90264f33305004495a9","hash":"2bf0b64e103f0c7740e22643e29cabc88fe49f24"}
,"/app/routes/index.js": {"path":"/app/routes/index.js","statementMap":{"0":{"start":{"line":1,"column":16},"end":{"line":1,"column":34}},"1":{"start":{"line":2,"column":15},"end":{"line":2,"column":31}},"2":{"start":{"line":3,"column":19},"end":{"line":3,"column":36}},"3":{"start":{"line":4,"column":26},"end":{"line":4,"column":51}},"4":{"start":{"line":5,"column":23},"end":{"line":5,"column":46}},"5":{"start":{"line":8,"column":0},"end":{"line":15,"column":3}},"6":{"start":{"line":9,"column":2},"end":{"line":14,"column":5}},"7":{"start":{"line":17,"column":0},"end":{"line":17,"column":32}},"8":{"start":{"line":19,"column":0},"end":{"line":19,"column":47}},"9":{"start":{"line":20,"column":0},"end":{"line":20,"column":42}},"10":{"start":{"line":22,"column":0},"end":{"line":31,"column":3}},"11":{"start":{"line":23,"column":2},"end":{"line":30,"column":5}},"12":{"start":{"line":33,"column":0},"end":{"line":33,"column":24}}},"fnMap":{"0":{"name":"(anonymous_0)","decl":{"start":{"line":8,"column":22},"end":{"line":8,"column":23}},"loc":{"start":{"line":8,"column":36},"end":{"line":15,"column":1}},"line":8},"1":{"name":"(anonymous_1)","decl":{"start":{"line":22,"column":20},"end":{"line":22,"column":21}},"loc":{"start":{"line":22,"column":34},"end":{"line":31,"column":1}},"line":22}},"branchMap":{"0":{"loc":{"start":{"line":13,"column":17},"end":{"line":13,"column":54}},"type":"binary-expr","locations":[{"start":{"line":13,"column":17},"end":{"line":13,"column":37}},{"start":{"line":13,"column":41},"end":{"line":13,"column":54}}],"line":13}},"s":{"0":3,"1":3,"2":3,"3":3,"4":3,"5":3,"6":0,"7":3,"8":3,"9":3,"10":3,"11":0,"12":3},"f":{"0":0,"1":0},"b":{"0":[0,0]},"_coverageSchema":"1a1c01bbd47fc00a2c39e90264f33305004495a9","hash":"47d7e5ceffcfb44bbdb40292ce2144c873d5298c"}
,"/app/routes/transactions.js": {"path":"/app/routes/transactions.js","statementMap":{"0":{"start":{"line":1,"column":16},"end":{"line":1,"column":34}},"1":{"start":{"line":2,"column":15},"end":{"line":2,"column":31}},"2":{"start":{"line":3,"column":77},"end":{"line":3,"column":124}},"3":{"start":{"line":4,"column":27},"end":{"line":4,"column":56}},"4":{"start":{"line":8,"column":0},"end":{"line":8,"column":27}},"5":{"start":{"line":10,"column":0},"end":{"line":10,"column":44}},"6":{"start":{"line":11,"column":0},"end":{"line":11,"column":24}},"7":{"start":{"line":12,"column":0},"end":{"line":12,"column":32}},"8":{"start":{"line":13,"column":0},"end":{"line":13,"column":31}},"9":{"start":{"line":14,"column":0},"end":{"line":14,"column":32}},"10":{"start":{"line":16,"column":0},"end":{"line":16,"column":24}}},"fnMap":{},"branchMap":{},"s":{"0":3,"1":3,"2":3,"3":3,"4":3,"5":3,"6":3,"7":3,"8":3,"9":3,"10":3},"f":{},"b":{},"_coverageSchema":"1a1c01bbd47fc00a2c39e90264f33305004495a9","hash":"c6806769f752baae2b007f5e92467f6d34ebf15e"}
,"/app/utils/helpers.js": {"path":"/app/utils/helpers.js","statementMap":{"0":{"start":{"line":1,"column":12},"end":{"line":1,"column":35}},"1":{"start":{"line":3,"column":23},"end":{"line":5,"column":1}},"2":{"start":{"line":4,"column":2},"end":{"line":4,"column":38}},"3":{"start":{"line":7,"column":23},"end":{"line":9,"column":1}},"4":{"start":{"line":8,"column":2},"end":{"line":8,"column":53}},"5":{"start":{"line":15,"column":21},"end":{"line":21,"column":1}},"6":{"start":{"line":16,"column":2},"end":{"line":20,"column":4}},"7":{"start":{"line":23,"column":0},"end":{"line":23,"column":66}}},"fnMap":{"0":{"name":"(anonymous_0)","decl":{"start":{"line":3,"column":23},"end":{"line":3,"column":24}},"loc":{"start":{"line":3,"column":34},"end":{"line":5,"column":1}},"line":3},"1":{"name":"(anonymous_1)","decl":{"start":{"line":7,"column":23},"end":{"line":7,"column":24}},"loc":{"start":{"line":7,"column":34},"end":{"line":9,"column":1}},"line":7},"2":{"name":"(anonymous_2)","decl":{"start":{"line":15,"column":21},"end":{"line":15,"column":22}},"loc":{"start":{"line":15,"column":31},"end":{"line":21,"column":1}},"line":15}},"branchMap":{"0":{"loc":{"start":{"line":19,"column":17},"end":{"line":19,"column":51}},"type":"binary-expr","locations":[{"start":{"line":19,"column":17},"end":{"line":19,"column":43}},{"start":{"line":19,"column":47},"end":{"line":19,"column":51}}],"line":19}},"s":{"0":4,"1":4,"2":3,"3":4,"4":1,"5":4,"6":7,"7":4},"f":{"0":3,"1":1,"2":7},"b":{"0":[7,1]},"_coverageSchema":"1a1c01bbd47fc00a2c39e90264f33305004495a9","hash":"8e2d3fbcd52972ab935ee13d59162fff8f9d00bd"}
}
