TN:
SF:controllers/authController.js
FN:4,(anonymous_0)
FN:27,(anonymous_1)
FN:34,(anonymous_2)
FN:71,(anonymous_3)
FNF:4
FNH:4
FNDA:7,(anonymous_0)
FNDA:1,(anonymous_1)
FNDA:5,(anonymous_2)
FNDA:2,(anonymous_3)
DA:1,3
DA:2,3
DA:4,3
DA:5,7
DA:6,7
DA:8,7
DA:9,1
DA:12,6
DA:13,6
DA:14,1
DA:17,5
DA:18,4
DA:20,4
DA:26,1
DA:27,1
DA:29,0
DA:30,0
DA:34,3
DA:35,5
DA:36,5
DA:38,5
DA:39,1
DA:42,4
DA:44,4
DA:45,1
DA:48,3
DA:50,3
DA:51,1
DA:54,2
DA:56,2
DA:62,0
DA:63,0
DA:71,3
DA:72,2
DA:75,3
LF:35
LH:31
BRDA:8,0,0,1
BRDA:8,0,1,6
BRDA:8,1,0,7
BRDA:8,1,1,6
BRDA:8,1,2,6
BRDA:13,2,0,1
BRDA:13,2,1,5
BRDA:26,3,0,1
BRDA:26,3,1,0
BRDA:38,4,0,1
BRDA:38,4,1,4
BRDA:38,5,0,5
BRDA:38,5,1,5
BRDA:44,6,0,1
BRDA:44,6,1,3
BRDA:50,7,0,1
BRDA:50,7,1,2
BRF:17
BRH:16
end_of_record
TN:
SF:controllers/categoryController.js
FN:3,(anonymous_0)
FN:13,(anonymous_1)
FN:25,(anonymous_2)
FN:32,(anonymous_3)
FN:46,(anonymous_4)
FN:53,(anonymous_5)
FNF:6
FNH:4
FNDA:1,(anonymous_0)
FNDA:4,(anonymous_1)
FNDA:0,(anonymous_2)
FNDA:2,(anonymous_3)
FNDA:0,(anonymous_4)
FNDA:2,(anonymous_5)
DA:1,3
DA:3,3
DA:4,1
DA:5,1
DA:6,1
DA:8,0
DA:9,0
DA:13,3
DA:14,4
DA:15,4
DA:17,4
DA:18,1
DA:21,3
DA:22,3
DA:24,0
DA:25,0
DA:27,0
DA:28,0
DA:32,3
DA:33,2
DA:34,2
DA:35,2
DA:37,2
DA:38,2
DA:39,1
DA:42,1
DA:43,1
DA:45,0
DA:46,0
DA:48,0
DA:49,0
DA:53,3
DA:54,2
DA:55,2
DA:57,2
DA:58,2
DA:59,1
DA:62,1
DA:63,1
DA:65,0
DA:66,0
DA:70,3
LF:42
LH:30
BRDA:17,0,0,1
BRDA:17,0,1,3
BRDA:17,1,0,4
BRDA:17,1,1,3
BRDA:24,2,0,0
BRDA:24,2,1,0
BRDA:38,3,0,1
BRDA:38,3,1,1
BRDA:45,4,0,0
BRDA:45,4,1,0
BRDA:58,5,0,1
BRDA:58,5,1,1
BRF:12
BRH:8
end_of_record
TN:
SF:controllers/transactionController.js
FN:12,(anonymous_0)
FN:46,(anonymous_1)
FN:73,(anonymous_2)
FN:78,(anonymous_3)
FN:79,(anonymous_4)
FN:82,(anonymous_5)
FN:83,(anonymous_6)
FN:96,(anonymous_7)
FN:130,(anonymous_8)
FNF:9
FNH:8
FNDA:6,(anonymous_0)
FNDA:2,(anonymous_1)
FNDA:1,(anonymous_2)
FNDA:1,(anonymous_3)
FNDA:0,(anonymous_4)
FNDA:1,(anonymous_5)
FNDA:1,(anonymous_6)
FNDA:3,(anonymous_7)
FNDA:2,(anonymous_8)
DA:1,3
DA:2,3
DA:3,3
DA:5,3
DA:12,3
DA:13,6
DA:14,6
DA:15,1
DA:18,5
DA:19,5
DA:21,5
DA:22,5
DA:23,1
DA:26,4
DA:35,4
DA:39,4
DA:41,0
DA:42,0
DA:46,3
DA:47,2
DA:48,2
DA:50,2
DA:52,2
DA:53,2
DA:54,2
DA:55,0
DA:56,0
DA:57,0
DA:60,2
DA:66,2
DA:68,0
DA:69,0
DA:73,3
DA:74,1
DA:75,1
DA:77,1
DA:78,1
DA:79,0
DA:81,1
DA:82,1
DA:83,1
DA:85,1
DA:91,0
DA:92,0
DA:96,3
DA:97,3
DA:98,3
DA:99,3
DA:101,3
DA:102,3
DA:103,1
DA:106,2
DA:107,1
DA:110,1
DA:111,1
DA:112,1
DA:113,0
DA:117,1
DA:119,1
DA:123,1
DA:125,0
DA:126,0
DA:130,3
DA:131,2
DA:132,2
DA:134,2
DA:135,2
DA:136,0
DA:139,2
DA:140,1
DA:143,1
DA:144,1
DA:146,0
DA:147,0
DA:151,3
LF:75
LH:59
BRDA:14,0,0,1
BRDA:14,0,1,5
BRDA:22,1,0,1
BRDA:22,1,1,4
BRDA:52,2,0,0
BRDA:52,2,1,2
BRDA:53,3,0,0
BRDA:53,3,1,2
BRDA:54,4,0,0
BRDA:54,4,1,2
BRDA:54,5,0,2
BRDA:54,5,1,2
BRDA:56,6,0,0
BRDA:56,6,1,0
BRDA:57,7,0,0
BRDA:57,7,1,0
BRDA:102,8,0,1
BRDA:102,8,1,2
BRDA:106,9,0,1
BRDA:106,9,1,1
BRDA:110,10,0,1
BRDA:110,10,1,0
BRDA:112,11,0,0
BRDA:112,11,1,1
BRDA:135,12,0,0
BRDA:135,12,1,2
BRDA:139,13,0,1
BRDA:139,13,1,1
BRF:28
BRH:18
end_of_record
TN:
SF:middleware/auth.js
FN:12,(anonymous_0)
FNF:1
FNH:1
FNDA:30,(anonymous_0)
DA:1,3
DA:2,3
DA:12,3
DA:13,30
DA:14,30
DA:16,30
DA:17,5
DA:20,25
DA:22,25
DA:23,0
DA:27,25
DA:28,25
DA:30,1
DA:31,0
DA:33,1
DA:36,24
DA:38,24
DA:39,0
DA:42,24
DA:43,24
DA:45,0
DA:46,0
DA:50,3
LF:23
LH:18
BRDA:16,0,0,5
BRDA:16,0,1,25
BRDA:16,1,0,30
BRDA:16,1,1,26
BRDA:22,2,0,0
BRDA:22,2,1,25
BRDA:30,3,0,0
BRDA:30,3,1,1
BRDA:38,4,0,0
BRDA:38,4,1,24
BRF:10
BRH:7
end_of_record
TN:
SF:routes/auth.js
FNF:0
FNH:0
DA:1,3
DA:2,3
DA:3,3
DA:4,3
DA:6,3
DA:7,3
DA:10,3
DA:12,3
LF:8
LH:8
BRF:0
BRH:0
end_of_record
TN:
SF:routes/categories.js
FNF:0
FNH:0
DA:1,3
DA:2,3
DA:3,3
DA:4,3
DA:8,3
DA:11,3
DA:12,3
DA:13,3
DA:15,3
LF:9
LH:9
BRF:0
BRH:0
end_of_record
TN:
SF:routes/index.js
FN:8,(anonymous_0)
FN:22,(anonymous_1)
FNF:2
FNH:0
FNDA:0,(anonymous_0)
FNDA:0,(anonymous_1)
DA:1,3
DA:2,3
DA:3,3
DA:4,3
DA:5,3
DA:8,3
DA:9,0
DA:17,3
DA:19,3
DA:20,3
DA:22,3
DA:23,0
DA:33,3
LF:13
LH:11
BRDA:13,0,0,0
BRDA:13,0,1,0
BRF:2
BRH:0
end_of_record
TN:
SF:routes/transactions.js
FNF:0
FNH:0
DA:1,3
DA:2,3
DA:3,3
DA:4,3
DA:8,3
DA:10,3
DA:11,3
DA:12,3
DA:13,3
DA:14,3
DA:16,3
LF:11
LH:11
BRF:0
BRH:0
end_of_record
TN:
SF:utils/helpers.js
FN:3,(anonymous_0)
FN:7,(anonymous_1)
FN:15,(anonymous_2)
FNF:3
FNH:3
FNDA:3,(anonymous_0)
FNDA:1,(anonymous_1)
FNDA:7,(anonymous_2)
DA:1,4
DA:3,4
DA:4,3
DA:7,4
DA:8,1
DA:15,4
DA:16,7
DA:23,4
LF:8
LH:8
BRDA:19,0,0,7
BRDA:19,0,1,1
BRF:2
BRH:2
end_of_record
